VSync enabled
1 Time diff: 19886, Avg = 19886
1 KTime diff: 20003, Avg = 20003
2 Time diff: 19966, Avg = 19926
2 KTime diff: 19995, Avg = 19999
3 Time diff: 20005, Avg = 19952
3 KTime diff: 19999, Avg = 19999
4 Time diff: 19990, Avg = 19961
4 KTime diff: 19997, Avg = 19998
5 Time diff: 19997, Avg = 19968
5 KTime diff: 19998, Avg = 19998
6 Time diff: 19999, Avg = 19973
6 KTime diff: 19999, Avg = 19998
7 Time diff: 20011, Avg = 19979
7 KTime diff: 19998, Avg = 19998
8 Time diff: 19993, Avg = 19980
8 KTime diff: 19998, Avg = 19998
9 Time diff: 19984, Avg = 19981
9 KTime diff: 19998, Avg = 19998
10 Time diff: 26319, Avg = 20615<------ Not in time!
10 KTime diff: 19998, Avg = 19998
11 Time diff: 13676, Avg = 19984<------ Not in time!
11 KTime diff: 19999, Avg = 19998
12 Time diff: 19999, Avg = 19985
12 KTime diff: 19997, Avg = 19998
13 Time diff: 19999, Avg = 19986
13 KTime diff: 19998, Avg = 19998
14 Time diff: 20007, Avg = 19987
14 KTime diff: 19998, Avg = 19998
15 Time diff: 19988, Avg = 19987
15 KTime diff: 19998, Avg = 19998
16 Time diff: 19999, Avg = 19988
16 KTime diff: 19998, Avg = 19998
17 Time diff: 19997, Avg = 19989
17 KTime diff: 19999, Avg = 19998
18 Time diff: 19999, Avg = 19989
18 KTime diff: 19997, Avg = 19998
19 Time diff: 19997, Avg = 19990
19 KTime diff: 19998, Avg = 19998
20 Time diff: 19999, Avg = 19990
20 KTime diff: 19999, Avg = 19998
21 Time diff: 20036, Avg = 19992
21 KTime diff: 19997, Avg = 19998
22 Time diff: 19986, Avg = 19992
22 KTime diff: 19998, Avg = 19998
23 Time diff: 20000, Avg = 19992
23 KTime diff: 19998, Avg = 19998
24 Time diff: 19997, Avg = 19992
24 KTime diff: 19998, Avg = 19998
25 Time diff: 10278, Avg = 19604<------ Not in time!
25 KTime diff: 20001, Avg = 19998
26 Time diff: 29713, Avg = 19993<------ Not in time!
26 KTime diff: 19996, Avg = 19998
27 Time diff: 19991, Avg = 19993
27 KTime diff: 19998, Avg = 19998
28 Time diff: 19998, Avg = 19993
28 KTime diff: 19998, Avg = 19998
29 Time diff: 19995, Avg = 19993
29 KTime diff: 19997, Avg = 19998
30 Time diff: 10634, Avg = 19681<------ Not in time!
30 KTime diff: 20003, Avg = 19998
31 Time diff: 29395, Avg = 19994<------ Not in time!
31 KTime diff: 19995, Avg = 19998
32 Time diff: 19970, Avg = 19993
32 KTime diff: 19998, Avg = 19998
33 Time diff: 20005, Avg = 19994
33 KTime diff: 19998, Avg = 19998
34 Time diff: 19986, Avg = 19993
34 KTime diff: 19997, Avg = 19998
35 Time diff: 20007, Avg = 19994
35 KTime diff: 19998, Avg = 19998
36 Time diff: 19993, Avg = 19994
36 KTime diff: 19999, Avg = 19998
37 Time diff: 20007, Avg = 19994
37 KTime diff: 19997, Avg = 19998
38 Time diff: 19986, Avg = 19994
38 KTime diff: 19999, Avg = 19998
39 Time diff: 20007, Avg = 19994
39 KTime diff: 19998, Avg = 19998
40 Time diff: 19990, Avg = 19994
40 KTime diff: 19999, Avg = 19998
41 Time diff: 20014, Avg = 19995
41 KTime diff: 19997, Avg = 19998
42 Time diff: 19987, Avg = 19994
42 KTime diff: 19999, Avg = 19998
43 Time diff: 20002, Avg = 19995
43 KTime diff: 19997, Avg = 19998
44 Time diff: 19989, Avg = 19994
44 KTime diff: 19998, Avg = 19998
45 Time diff: 20008, Avg = 19995
45 KTime diff: 19998, Avg = 19998
46 Time diff: 19992, Avg = 19995
46 KTime diff: 19998, Avg = 19998
47 Time diff: 20004, Avg = 19995
47 KTime diff: 19999, Avg = 19998
48 Time diff: 19997, Avg = 19995
48 KTime diff: 19998, Avg = 19998
49 Time diff: 20000, Avg = 19995
49 KTime diff: 19999, Avg = 19998
50 Time diff: 20043, Avg = 19996
50 KTime diff: 19998, Avg = 19998
51 Time diff: 19973, Avg = 19995
51 KTime diff: 19999, Avg = 19998
52 Time diff: 19973, Avg = 19995
52 KTime diff: 19998, Avg = 19998
53 Time diff: 20004, Avg = 19995
53 KTime diff: 19997, Avg = 19998
54 Time diff: 19991, Avg = 19995
54 KTime diff: 19998, Avg = 19998
55 Time diff: 20013, Avg = 19995
55 KTime diff: 19998, Avg = 19998
56 Time diff: 19990, Avg = 19995
56 KTime diff: 19999, Avg = 19998
57 Time diff: 20003, Avg = 19995
57 KTime diff: 19998, Avg = 19998
58 Time diff: 19983, Avg = 19995
58 KTime diff: 19998, Avg = 19998
59 Time diff: 20008, Avg = 19995
59 KTime diff: 19998, Avg = 19998
60 Time diff: 19991, Avg = 19995
60 KTime diff: 19997, Avg = 19998
61 Time diff: 20016, Avg = 19996
61 KTime diff: 19998, Avg = 19998
62 Time diff: 19981, Avg = 19995
62 KTime diff: 19998, Avg = 19998
63 Time diff: 20010, Avg = 19996
63 KTime diff: 19998, Avg = 19998
64 Time diff: 19983, Avg = 19995
64 KTime diff: 19998, Avg = 19998
65 Time diff: 20015, Avg = 19996
65 KTime diff: 19999, Avg = 19998
66 Time diff: 19987, Avg = 19996
66 KTime diff: 19997, Avg = 19998
67 Time diff: 20005, Avg = 19996
67 KTime diff: 19998, Avg = 19998
68 Time diff: 19986, Avg = 19996
68 KTime diff: 19998, Avg = 19998
69 Time diff: 20011, Avg = 19996
69 KTime diff: 19998, Avg = 19998
70 Time diff: 19986, Avg = 19996
70 KTime diff: 19998, Avg = 19998
71 Time diff: 20014, Avg = 19996
71 KTime diff: 19999, Avg = 19998
72 Time diff: 19982, Avg = 19996
72 KTime diff: 19997, Avg = 19998
73 Time diff: 20011, Avg = 19996
73 KTime diff: 19997, Avg = 19998
74 Time diff: 19992, Avg = 19996
74 KTime diff: 19999, Avg = 19998
75 Time diff: 20039, Avg = 19996
75 KTime diff: 19997, Avg = 19998
76 Time diff: 19967, Avg = 19996
76 KTime diff: 20001, Avg = 19998
77 Time diff: 19997, Avg = 19996
77 KTime diff: 19996, Avg = 19998
78 Time diff: 20002, Avg = 19996
78 KTime diff: 19999, Avg = 19998
79 Time diff: 19994, Avg = 19996
79 KTime diff: 19998, Avg = 19998
80 Time diff: 19992, Avg = 19996
80 KTime diff: 19997, Avg = 19998
81 Time diff: 20014, Avg = 19996
81 KTime diff: 20000, Avg = 19998
82 Time diff: 19985, Avg = 19996
82 KTime diff: 19997, Avg = 19998
83 Time diff: 19997, Avg = 19996
83 KTime diff: 19997, Avg = 19998
84 Time diff: 19993, Avg = 19996
84 KTime diff: 19999, Avg = 19998
85 Time diff: 26317, Avg = 20070<------ Not in time!
85 KTime diff: 19997, Avg = 19998
86 Time diff: 13713, Avg = 19996<------ Not in time!
86 KTime diff: 19998, Avg = 19998
87 Time diff: 19970, Avg = 19996
87 KTime diff: 19998, Avg = 19998
88 Time diff: 20003, Avg = 19996
88 KTime diff: 19998, Avg = 19998
89 Time diff: 19985, Avg = 19996
89 KTime diff: 19998, Avg = 19998
90 Time diff: 20011, Avg = 19996
90 KTime diff: 19998, Avg = 19998
91 Time diff: 19987, Avg = 19996
91 KTime diff: 19998, Avg = 19998
92 Time diff: 20010, Avg = 19996
92 KTime diff: 19999, Avg = 19998
93 Time diff: 19988, Avg = 19996
93 KTime diff: 19998, Avg = 19998
94 Time diff: 20006, Avg = 19996
94 KTime diff: 19997, Avg = 19998
95 Time diff: 19989, Avg = 19996
95 KTime diff: 19999, Avg = 19998
96 Time diff: 20010, Avg = 19996
96 KTime diff: 19998, Avg = 19998
97 Time diff: 19986, Avg = 19996
97 KTime diff: 19998, Avg = 19998
98 Time diff: 20007, Avg = 19996
98 KTime diff: 19999, Avg = 19998
99 Time diff: 19988, Avg = 19996
99 KTime diff: 19998, Avg = 19998
100 Time diff: 20010, Avg = 19996
100 KTime diff: 19998, Avg = 19998
101 Time diff: 19996, Avg = 19996
101 KTime diff: 19999, Avg = 19998
102 Time diff: 20003, Avg = 19996
102 KTime diff: 19997, Avg = 19998
103 Time diff: 19985, Avg = 19996
103 KTime diff: 19998, Avg = 19998
104 Time diff: 20011, Avg = 19996
104 KTime diff: 19997, Avg = 19998
105 Time diff: 19986, Avg = 19996
105 KTime diff: 19998, Avg = 19998
106 Time diff: 20026, Avg = 19997
106 KTime diff: 20000, Avg = 19998
107 Time diff: 19972, Avg = 19996
107 KTime diff: 19997, Avg = 19998
108 Time diff: 20006, Avg = 19996
108 KTime diff: 19997, Avg = 19998
109 Time diff: 19991, Avg = 19996
109 KTime diff: 19998, Avg = 19998
110 Time diff: 20007, Avg = 19997
110 KTime diff: 19998, Avg = 19998
111 Time diff: 19987, Avg = 19996
111 KTime diff: 19999, Avg = 19998
112 Time diff: 20007, Avg = 19997
112 KTime diff: 19997, Avg = 19998
113 Time diff: 19992, Avg = 19996
113 KTime diff: 19998, Avg = 19998
114 Time diff: 20003, Avg = 19997
114 KTime diff: 20000, Avg = 19998
115 Time diff: 19989, Avg = 19996
115 KTime diff: 19997, Avg = 19998
116 Time diff: 20014, Avg = 19997
116 KTime diff: 19999, Avg = 19998
117 Time diff: 19981, Avg = 19996
117 KTime diff: 19997, Avg = 19998
118 Time diff: 20005, Avg = 19997
118 KTime diff: 19998, Avg = 19998
119 Time diff: 19996, Avg = 19997
119 KTime diff: 19999, Avg = 19998
120 Time diff: 20004, Avg = 19997
120 KTime diff: 19998, Avg = 19998
121 Time diff: 19995, Avg = 19997
121 KTime diff: 19999, Avg = 19998
122 Time diff: 20004, Avg = 19997
122 KTime diff: 19997, Avg = 19998
123 Time diff: 19989, Avg = 19997
123 KTime diff: 19997, Avg = 19998
124 Time diff: 20006, Avg = 19997
124 KTime diff: 19998, Avg = 19998
125 Time diff: 20040, Avg = 19997
125 KTime diff: 19997, Avg = 19998
126 Time diff: 10283, Avg = 19920<------ Not in time!
126 KTime diff: 20003, Avg = 19998
127 Time diff: 29666, Avg = 19997<------ Not in time!
127 KTime diff: 19995, Avg = 19998
128 Time diff: 20007, Avg = 19997
128 KTime diff: 19998, Avg = 19998
129 Time diff: 19988, Avg = 19997
129 KTime diff: 19998, Avg = 19998
130 Time diff: 20005, Avg = 19997
130 KTime diff: 19998, Avg = 19998
131 Time diff: 10604, Avg = 19925<------ Not in time!
131 KTime diff: 20001, Avg = 19998
132 Time diff: 29398, Avg = 19997<------ Not in time!
132 KTime diff: 19996, Avg = 19998
133 Time diff: 19985, Avg = 19997
133 KTime diff: 19996, Avg = 19998
134 Time diff: 20006, Avg = 19997
134 KTime diff: 19998, Avg = 19998
135 Time diff: 19992, Avg = 19997
135 KTime diff: 19999, Avg = 19998
136 Time diff: 20008, Avg = 19997
136 KTime diff: 19998, Avg = 19998
137 Time diff: 19985, Avg = 19997
137 KTime diff: 19998, Avg = 19998
138 Time diff: 20007, Avg = 19997
138 KTime diff: 19997, Avg = 19998
139 Time diff: 19992, Avg = 19997
139 KTime diff: 19998, Avg = 19998
140 Time diff: 20003, Avg = 19997
140 KTime diff: 19998, Avg = 19998
141 Time diff: 19991, Avg = 19997
141 KTime diff: 19999, Avg = 19998
142 Time diff: 20010, Avg = 19997
142 KTime diff: 19998, Avg = 19998
143 Time diff: 19999, Avg = 19997
143 KTime diff: 19998, Avg = 19998
144 Time diff: 19986, Avg = 19997
144 KTime diff: 19998, Avg = 19998
145 Time diff: 19998, Avg = 19997
145 KTime diff: 19999, Avg = 19998
146 Time diff: 20015, Avg = 19997
146 KTime diff: 19997, Avg = 19998
147 Time diff: 19981, Avg = 19997
147 KTime diff: 19999, Avg = 19998
148 Time diff: 20000, Avg = 19997
148 KTime diff: 19998, Avg = 19998
149 Time diff: 20004, Avg = 19997
149 KTime diff: 19998, Avg = 19998
150 Time diff: 20026, Avg = 19997
150 KTime diff: 19998, Avg = 19998
151 Time diff: 19972, Avg = 19997
151 KTime diff: 19999, Avg = 19998
152 Time diff: 20000, Avg = 19997
152 KTime diff: 19997, Avg = 19998
153 Time diff: 19985, Avg = 19997
153 KTime diff: 19997, Avg = 19998
154 Time diff: 20008, Avg = 19997
154 KTime diff: 19999, Avg = 19998
155 Time diff: 19987, Avg = 19997
155 KTime diff: 19998, Avg = 19998
156 Time diff: 20025, Avg = 19997
156 KTime diff: 19998, Avg = 19998
157 Time diff: 19989, Avg = 19997
157 KTime diff: 19998, Avg = 19998
158 Time diff: 19983, Avg = 19997
158 KTime diff: 19997, Avg = 19998
159 Time diff: 20010, Avg = 19997
159 KTime diff: 19998, Avg = 19998
160 Time diff: 19981, Avg = 19997
160 KTime diff: 19998, Avg = 19998
161 Time diff: 20011, Avg = 19997
161 KTime diff: 19998, Avg = 19998
162 Time diff: 19990, Avg = 19997
162 KTime diff: 19998, Avg = 19998
163 Time diff: 20005, Avg = 19997
163 KTime diff: 19998, Avg = 19998
164 Time diff: 20002, Avg = 19997
164 KTime diff: 19998, Avg = 19998
165 Time diff: 19989, Avg = 19997
165 KTime diff: 19999, Avg = 19998
166 Time diff: 20010, Avg = 19997
166 KTime diff: 19997, Avg = 19998
167 Time diff: 19985, Avg = 19997
167 KTime diff: 19999, Avg = 19998
168 Time diff: 20009, Avg = 19997
168 KTime diff: 19997, Avg = 19998
169 Time diff: 19987, Avg = 19997
169 KTime diff: 19999, Avg = 19998
170 Time diff: 20007, Avg = 19997
170 KTime diff: 19998, Avg = 19998
171 Time diff: 19988, Avg = 19997
171 KTime diff: 19998, Avg = 19998
172 Time diff: 20005, Avg = 19997
172 KTime diff: 19997, Avg = 19998
173 Time diff: 20002, Avg = 19997
173 KTime diff: 19998, Avg = 19998
174 Time diff: 19996, Avg = 19997
174 KTime diff: 19997, Avg = 19998
175 Time diff: 20014, Avg = 19997
175 KTime diff: 19998, Avg = 19998
176 Time diff: 20018, Avg = 19997
176 KTime diff: 20001, Avg = 19998
177 Time diff: 19963, Avg = 19997
177 KTime diff: 19997, Avg = 19998
178 Time diff: 20001, Avg = 19997
178 KTime diff: 19997, Avg = 19998
179 Time diff: 19998, Avg = 19997
179 KTime diff: 20003, Avg = 19998
180 Time diff: 20002, Avg = 19997
180 KTime diff: 19994, Avg = 19998
181 Time diff: 20003, Avg = 19997
181 KTime diff: 19997, Avg = 19998
182 Time diff: 19994, Avg = 19997
182 KTime diff: 19999, Avg = 19998
183 Time diff: 20003, Avg = 19997
183 KTime diff: 19996, Avg = 19998
184 Time diff: 19979, Avg = 19997
184 KTime diff: 19998, Avg = 19998
185 Time diff: 20008, Avg = 19997
185 KTime diff: 19997, Avg = 19998
186 Time diff: 19989, Avg = 19997
186 KTime diff: 19999, Avg = 19998
187 Time diff: 20007, Avg = 19997
187 KTime diff: 19998, Avg = 19998
188 Time diff: 19991, Avg = 19997
188 KTime diff: 19998, Avg = 19998
189 Time diff: 20004, Avg = 19997
189 KTime diff: 19998, Avg = 19998
190 Time diff: 19984, Avg = 19997
190 KTime diff: 19999, Avg = 19998
191 Time diff: 20015, Avg = 19997
191 KTime diff: 19999, Avg = 19998
192 Time diff: 19991, Avg = 19997
192 KTime diff: 19998, Avg = 19998
193 Time diff: 20000, Avg = 19997
193 KTime diff: 19998, Avg = 19998
194 Time diff: 19994, Avg = 19997
194 KTime diff: 19997, Avg = 19998
195 Time diff: 20006, Avg = 19997
195 KTime diff: 19999, Avg = 19998
196 Time diff: 19987, Avg = 19997
196 KTime diff: 19997, Avg = 19998
197 Time diff: 20010, Avg = 19997
197 KTime diff: 19998, Avg = 19998
198 Time diff: 19987, Avg = 19997
198 KTime diff: 19998, Avg = 19998
199 Time diff: 20011, Avg = 19997
199 KTime diff: 19998, Avg = 19998
200 Time diff: 20041, Avg = 19997
200 KTime diff: 19998, Avg = 19998
201 Time diff: 19962, Avg = 19997
201 KTime diff: 19999, Avg = 19998
202 Time diff: 19984, Avg = 19997
202 KTime diff: 19998, Avg = 19998
203 Time diff: 20005, Avg = 19997
203 KTime diff: 19998, Avg = 19998
204 Time diff: 19989, Avg = 19997
204 KTime diff: 19998, Avg = 19998
205 Time diff: 20007, Avg = 19997
205 KTime diff: 19998, Avg = 19998
206 Time diff: 19990, Avg = 19997
206 KTime diff: 19998, Avg = 19998
207 Time diff: 20007, Avg = 19997
207 KTime diff: 20000, Avg = 19998
208 Time diff: 19999, Avg = 19997
208 KTime diff: 19996, Avg = 19998
209 Time diff: 19991, Avg = 19997
209 KTime diff: 19997, Avg = 19998
210 Time diff: 20005, Avg = 19997
210 KTime diff: 19999, Avg = 19998
211 Time diff: 19995, Avg = 19997
211 KTime diff: 19997, Avg = 19998
212 Time diff: 19993, Avg = 19997
212 KTime diff: 19998, Avg = 19998
213 Time diff: 20006, Avg = 19997
213 KTime diff: 19999, Avg = 19998
214 Time diff: 19993, Avg = 19997
214 KTime diff: 19998, Avg = 19998
215 Time diff: 19995, Avg = 19997
215 KTime diff: 19999, Avg = 19998
216 Time diff: 20007, Avg = 19997
216 KTime diff: 19997, Avg = 19998
217 Time diff: 19988, Avg = 19997
217 KTime diff: 19998, Avg = 19998
218 Time diff: 20007, Avg = 19997
218 KTime diff: 19998, Avg = 19998
219 Time diff: 19986, Avg = 19997
219 KTime diff: 19998, Avg = 19998
220 Time diff: 20010, Avg = 19997
220 KTime diff: 19998, Avg = 19998
221 Time diff: 19989, Avg = 19997
221 KTime diff: 19998, Avg = 19998
222 Time diff: 20004, Avg = 19997
222 KTime diff: 19998, Avg = 19998
223 Time diff: 19988, Avg = 19997
223 KTime diff: 19998, Avg = 19998
224 Time diff: 20013, Avg = 19997
224 KTime diff: 20000, Avg = 19998
225 Time diff: 20014, Avg = 19997
225 KTime diff: 19996, Avg = 19998
226 Time diff: 19987, Avg = 19997
226 KTime diff: 19999, Avg = 19998
227 Time diff: 20008, Avg = 19997
227 KTime diff: 20000, Avg = 19998
228 Time diff: 19976, Avg = 19997
228 KTime diff: 19995, Avg = 19998
229 Time diff: 20004, Avg = 19997
229 KTime diff: 19998, Avg = 19998
230 Time diff: 19995, Avg = 19997
230 KTime diff: 19997, Avg = 19998
231 Time diff: 19998, Avg = 19997
231 KTime diff: 19998, Avg = 19998
232 Time diff: 20025, Avg = 19997
232 KTime diff: 20002, Avg = 19998
233 Time diff: 19975, Avg = 19997
233 KTime diff: 19995, Avg = 19998
234 Time diff: 20001, Avg = 19997
234 KTime diff: 19998, Avg = 19998
235 Time diff: 19987, Avg = 19997
235 KTime diff: 19998, Avg = 19998
236 Time diff: 20006, Avg = 19997
236 KTime diff: 19997, Avg = 19998
237 Time diff: 19989, Avg = 19997
237 KTime diff: 19999, Avg = 19998
238 Time diff: 20013, Avg = 19997
238 KTime diff: 19997, Avg = 19998
239 Time diff: 19984, Avg = 19997
239 KTime diff: 19998, Avg = 19998
240 Time diff: 20007, Avg = 19997
240 KTime diff: 19998, Avg = 19998
241 Time diff: 19988, Avg = 19997
241 KTime diff: 19998, Avg = 19998
242 Time diff: 20009, Avg = 19997
242 KTime diff: 19999, Avg = 19998
243 Time diff: 19986, Avg = 19997
243 KTime diff: 19998, Avg = 19998
244 Time diff: 20010, Avg = 19997
244 KTime diff: 19997, Avg = 19998
245 Time diff: 19994, Avg = 19997
245 KTime diff: 19998, Avg = 19998
246 Time diff: 20010, Avg = 19997
246 KTime diff: 19999, Avg = 19998
247 Time diff: 19982, Avg = 19997
247 KTime diff: 19997, Avg = 19998
248 Time diff: 20009, Avg = 19997
248 KTime diff: 19998, Avg = 19998
249 Time diff: 19988, Avg = 19997
249 KTime diff: 20000, Avg = 19998
250 Time diff: 20041, Avg = 19997
250 KTime diff: 19997, Avg = 19998
251 Time diff: 19966, Avg = 19997
251 KTime diff: 19999, Avg = 19998
252 Time diff: 19998, Avg = 19997
252 KTime diff: 19996, Avg = 19998
253 Time diff: 19997, Avg = 19997
253 KTime diff: 19999, Avg = 19998
254 Time diff: 19992, Avg = 19997
254 KTime diff: 19998, Avg = 19998
255 Time diff: 20004, Avg = 19997
255 KTime diff: 19999, Avg = 19998
256 Time diff: 19991, Avg = 19997
256 KTime diff: 19997, Avg = 19998
257 Time diff: 20017, Avg = 19997
257 KTime diff: 19998, Avg = 19998
258 Time diff: 19991, Avg = 19997
258 KTime diff: 19999, Avg = 19998
259 Time diff: 19993, Avg = 19997
259 KTime diff: 19997, Avg = 19998
260 Time diff: 20005, Avg = 19997
260 KTime diff: 19998, Avg = 19998
261 Time diff: 19989, Avg = 19997
261 KTime diff: 19998, Avg = 19998
262 Time diff: 19993, Avg = 19997
262 KTime diff: 19999, Avg = 19998
263 Time diff: 20006, Avg = 19997
263 KTime diff: 19998, Avg = 19998
264 Time diff: 19993, Avg = 19997
264 KTime diff: 19998, Avg = 19998
265 Time diff: 19996, Avg = 19997
265 KTime diff: 19998, Avg = 19998
266 Time diff: 20006, Avg = 19997
266 KTime diff: 19999, Avg = 19998
267 Time diff: 19990, Avg = 19997
267 KTime diff: 19998, Avg = 19998
268 Time diff: 20001, Avg = 19997
268 KTime diff: 19997, Avg = 19998
269 Time diff: 19990, Avg = 19997
269 KTime diff: 19999, Avg = 19998
270 Time diff: 20010, Avg = 19997
270 KTime diff: 19998, Avg = 19998
271 Time diff: 19987, Avg = 19997
271 KTime diff: 19998, Avg = 19998
272 Time diff: 20009, Avg = 19997
272 KTime diff: 19998, Avg = 19998
273 Time diff: 19995, Avg = 19997
273 KTime diff: 19997, Avg = 19998
274 Time diff: 20002, Avg = 19997
274 KTime diff: 19999, Avg = 19998
275 Time diff: 20037, Avg = 19997
275 KTime diff: 19998, Avg = 19998
276 Time diff: 19966, Avg = 19997
276 KTime diff: 19998, Avg = 19998
277 Time diff: 19995, Avg = 19997
277 KTime diff: 19998, Avg = 19998
278 Time diff: 20005, Avg = 19997
278 KTime diff: 19999, Avg = 19998
279 Time diff: 19980, Avg = 19997
279 KTime diff: 19997, Avg = 19998
280 Time diff: 20005, Avg = 19997
280 KTime diff: 19999, Avg = 19998
281 Time diff: 19989, Avg = 19997
281 KTime diff: 19997, Avg = 19998
282 Time diff: 20018, Avg = 19997
282 KTime diff: 19998, Avg = 19998
283 Time diff: 20002, Avg = 19997
283 KTime diff: 20000, Avg = 19998
284 Time diff: 19976, Avg = 19997
284 KTime diff: 19996, Avg = 19998
285 Time diff: 20009, Avg = 19997
285 KTime diff: 19999, Avg = 19998
286 Time diff: 19985, Avg = 19997
286 KTime diff: 19998, Avg = 19998
287 Time diff: 20014, Avg = 19997
287 KTime diff: 19997, Avg = 19998
288 Time diff: 19989, Avg = 19997
288 KTime diff: 19999, Avg = 19998
289 Time diff: 19999, Avg = 19997
289 KTime diff: 19999, Avg = 19998
290 Time diff: 19988, Avg = 19997
290 KTime diff: 19998, Avg = 19998
291 Time diff: 20012, Avg = 19997
291 KTime diff: 19998, Avg = 19998
292 Time diff: 19990, Avg = 19997
292 KTime diff: 19998, Avg = 19998
293 Time diff: 20003, Avg = 19997
293 KTime diff: 19998, Avg = 19998
294 Time diff: 19989, Avg = 19997
294 KTime diff: 19998, Avg = 19998
295 Time diff: 20008, Avg = 19997
295 KTime diff: 19998, Avg = 19998
296 Time diff: 19990, Avg = 19997
296 KTime diff: 19998, Avg = 19998
297 Time diff: 20004, Avg = 19997
297 KTime diff: 19999, Avg = 19998
298 Time diff: 19993, Avg = 19997
298 KTime diff: 19997, Avg = 19998
299 Time diff: 20011, Avg = 19997
299 KTime diff: 19999, Avg = 19998
300 Time diff: 20015, Avg = 19997
300 KTime diff: 19997, Avg = 19998
301 Time diff: 19988, Avg = 19997
301 KTime diff: 19999, Avg = 19998
302 Time diff: 19982, Avg = 19997
302 KTime diff: 19998, Avg = 19998
303 Time diff: 20000, Avg = 19997
303 KTime diff: 19997, Avg = 19998
304 Time diff: 19989, Avg = 19997
304 KTime diff: 19999, Avg = 19998
305 Time diff: 20007, Avg = 19997
305 KTime diff: 19998, Avg = 19998
306 Time diff: 19991, Avg = 19997
306 KTime diff: 19997, Avg = 19998
307 Time diff: 20008, Avg = 19997
307 KTime diff: 19999, Avg = 19998
308 Time diff: 20004, Avg = 19997
308 KTime diff: 20000, Avg = 19998
309 Time diff: 19988, Avg = 19997
309 KTime diff: 19997, Avg = 19998
310 Time diff: 20000, Avg = 19997
310 KTime diff: 19997, Avg = 19998
311 Time diff: 20002, Avg = 19997
311 KTime diff: 19999, Avg = 19998
312 Time diff: 19990, Avg = 19997
312 KTime diff: 19997, Avg = 19998
313 Time diff: 20000, Avg = 19997
313 KTime diff: 19999, Avg = 19998
314 Time diff: 20005, Avg = 19997
314 KTime diff: 19999, Avg = 19998
315 Time diff: 20005, Avg = 19997
315 KTime diff: 19998, Avg = 19998
316 Time diff: 19990, Avg = 19997
316 KTime diff: 19998, Avg = 19998
317 Time diff: 19999, Avg = 19997
317 KTime diff: 19998, Avg = 19998
318 Time diff: 19986, Avg = 19997
318 KTime diff: 19999, Avg = 19998
319 Time diff: 20011, Avg = 19997
319 KTime diff: 19998, Avg = 19998
320 Time diff: 19987, Avg = 19997
320 KTime diff: 19998, Avg = 19998
321 Time diff: 20010, Avg = 19997
321 KTime diff: 19999, Avg = 19998
322 Time diff: 19985, Avg = 19997
322 KTime diff: 19998, Avg = 19998
323 Time diff: 20011, Avg = 19997
323 KTime diff: 19998, Avg = 19998
324 Time diff: 19986, Avg = 19997
324 KTime diff: 19999, Avg = 19998
325 Time diff: 20036, Avg = 19997
325 KTime diff: 19999, Avg = 19998
326 Time diff: 19976, Avg = 19997
326 KTime diff: 19999, Avg = 19998
327 Time diff: 19999, Avg = 19997
327 KTime diff: 19997, Avg = 19998
328 Time diff: 20007, Avg = 19997
328 KTime diff: 20001, Avg = 19998
329 Time diff: 19990, Avg = 19997
329 KTime diff: 19996, Avg = 19998
330 Time diff: 19994, Avg = 19997
330 KTime diff: 19998, Avg = 19998
331 Time diff: 19995, Avg = 19997
331 KTime diff: 19998, Avg = 19998
332 Time diff: 20006, Avg = 19997
332 KTime diff: 19998, Avg = 19998
333 Time diff: 20007, Avg = 19997
333 KTime diff: 20002, Avg = 19998
334 Time diff: 19985, Avg = 19997
334 KTime diff: 19994, Avg = 19998
335 Time diff: 19998, Avg = 19997
335 KTime diff: 19997, Avg = 19998
336 Time diff: 19988, Avg = 19997
336 KTime diff: 19998, Avg = 19998
337 Time diff: 20005, Avg = 19997
337 KTime diff: 19999, Avg = 19998
338 Time diff: 20000, Avg = 19997
338 KTime diff: 19997, Avg = 19998
339 Time diff: 19992, Avg = 19997
339 KTime diff: 19998, Avg = 19998
340 Time diff: 19999, Avg = 19997
340 KTime diff: 19998, Avg = 19998
341 Time diff: 20003, Avg = 19997
341 KTime diff: 19999, Avg = 19998
342 Time diff: 19991, Avg = 19997
342 KTime diff: 19998, Avg = 19998
343 Time diff: 20012, Avg = 19997
343 KTime diff: 19998, Avg = 19998
344 Time diff: 19989, Avg = 19997
344 KTime diff: 19998, Avg = 19998
345 Time diff: 19995, Avg = 19997
345 KTime diff: 19998, Avg = 19998
346 Time diff: 19995, Avg = 19997
346 KTime diff: 19997, Avg = 19998
347 Time diff: 20001, Avg = 19997
347 KTime diff: 19999, Avg = 19998
348 Time diff: 19994, Avg = 19997
348 KTime diff: 19998, Avg = 19998
349 Time diff: 20008, Avg = 19997
349 KTime diff: 19998, Avg = 19998
350 Time diff: 20040, Avg = 19997
350 KTime diff: 19998, Avg = 19998
351 Time diff: 19970, Avg = 19997
351 KTime diff: 19999, Avg = 19998
352 Time diff: 19975, Avg = 19997
352 KTime diff: 19998, Avg = 19998
353 Time diff: 20012, Avg = 19997
353 KTime diff: 19997, Avg = 19998
354 Time diff: 19984, Avg = 19997
354 KTime diff: 19998, Avg = 19998
355 Time diff: 20006, Avg = 19997
355 KTime diff: 19997, Avg = 19998
356 Time diff: 19991, Avg = 19997
356 KTime diff: 19998, Avg = 19998
357 Time diff: 20019, Avg = 19997
357 KTime diff: 19998, Avg = 19998
358 Time diff: 19993, Avg = 19997
358 KTime diff: 19997, Avg = 19998
359 Time diff: 19989, Avg = 19997
359 KTime diff: 19999, Avg = 19998
360 Time diff: 20005, Avg = 19997
360 KTime diff: 19997, Avg = 19998
361 Time diff: 19991, Avg = 19997
361 KTime diff: 19998, Avg = 19998
362 Time diff: 20003, Avg = 19997
362 KTime diff: 19998, Avg = 19998
363 Time diff: 19992, Avg = 19997
363 KTime diff: 19998, Avg = 19998
364 Time diff: 19995, Avg = 19997
364 KTime diff: 19998, Avg = 19998
365 Time diff: 20007, Avg = 19997
365 KTime diff: 19998, Avg = 19998
366 Time diff: 19994, Avg = 19997
366 KTime diff: 19998, Avg = 19998
367 Time diff: 19995, Avg = 19997
367 KTime diff: 19998, Avg = 19998
368 Time diff: 20006, Avg = 19997
368 KTime diff: 19998, Avg = 19998
369 Time diff: 19986, Avg = 19997
369 KTime diff: 19998, Avg = 19998
370 Time diff: 20008, Avg = 19997
370 KTime diff: 19998, Avg = 19998
371 Time diff: 19996, Avg = 19997
371 KTime diff: 19998, Avg = 19998
372 Time diff: 20009, Avg = 19997
372 KTime diff: 19998, Avg = 19998
373 Time diff: 19981, Avg = 19997
373 KTime diff: 19997, Avg = 19998
374 Time diff: 20006, Avg = 19997
374 KTime diff: 19999, Avg = 19998
375 Time diff: 20018, Avg = 19997
375 KTime diff: 19998, Avg = 19998
376 Time diff: 19987, Avg = 19997
376 KTime diff: 19998, Avg = 19998
377 Time diff: 19981, Avg = 19997
377 KTime diff: 19997, Avg = 19998
378 Time diff: 20024, Avg = 19997
378 KTime diff: 19999, Avg = 19998
379 Time diff: 19984, Avg = 19997
379 KTime diff: 19998, Avg = 19998
380 Time diff: 20001, Avg = 19997
380 KTime diff: 19998, Avg = 19998
381 Time diff: 19985, Avg = 19997
381 KTime diff: 19997, Avg = 19998
382 Time diff: 20010, Avg = 19997
382 KTime diff: 19998, Avg = 19998
383 Time diff: 20012, Avg = 19997
383 KTime diff: 19998, Avg = 19998
384 Time diff: 19985, Avg = 19997
384 KTime diff: 19999, Avg = 19998
385 Time diff: 20003, Avg = 19997
385 KTime diff: 19997, Avg = 19998
386 Time diff: 19999, Avg = 19997
386 KTime diff: 19997, Avg = 19998
387 Time diff: 19988, Avg = 19997
387 KTime diff: 19998, Avg = 19998
388 Time diff: 19995, Avg = 19997
388 KTime diff: 19999, Avg = 19998
389 Time diff: 20009, Avg = 19997
389 KTime diff: 19998, Avg = 19998
390 Time diff: 19984, Avg = 19997
390 KTime diff: 19997, Avg = 19998
391 Time diff: 20004, Avg = 19997
391 KTime diff: 19998, Avg = 19998
392 Time diff: 19996, Avg = 19997
392 KTime diff: 19999, Avg = 19998
393 Time diff: 20003, Avg = 19997
393 KTime diff: 19998, Avg = 19998
394 Time diff: 19985, Avg = 19997
394 KTime diff: 19998, Avg = 19998
395 Time diff: 20007, Avg = 19997
395 KTime diff: 19998, Avg = 19998
396 Time diff: 19991, Avg = 19997
396 KTime diff: 19997, Avg = 19998
397 Time diff: 20003, Avg = 19997
397 KTime diff: 19999, Avg = 19998
398 Time diff: 19994, Avg = 19997
398 KTime diff: 19998, Avg = 19998
399 Time diff: 20011, Avg = 19997
399 KTime diff: 19999, Avg = 19998
400 Time diff: 20015, Avg = 19997
400 KTime diff: 19997, Avg = 19998
401 Time diff: 19985, Avg = 19997
401 KTime diff: 19999, Avg = 19998
402 Time diff: 19985, Avg = 19997
402 KTime diff: 19997, Avg = 19998
403 Time diff: 20000, Avg = 19997
403 KTime diff: 19998, Avg = 19998
404 Time diff: 19993, Avg = 19997
404 KTime diff: 19999, Avg = 19998
405 Time diff: 20004, Avg = 19997
405 KTime diff: 19998, Avg = 19998
406 Time diff: 19993, Avg = 19997
406 KTime diff: 19998, Avg = 19998
407 Time diff: 20010, Avg = 19997
407 KTime diff: 19998, Avg = 19998
408 Time diff: 19987, Avg = 19997
408 KTime diff: 19998, Avg = 19998
409 Time diff: 20007, Avg = 19997
409 KTime diff: 20000, Avg = 19998
410 Time diff: 19998, Avg = 19997
410 KTime diff: 19997, Avg = 19998
411 Time diff: 19990, Avg = 19997
411 KTime diff: 19997, Avg = 19998
412 Time diff: 20007, Avg = 19997
412 KTime diff: 19999, Avg = 19998
413 Time diff: 20002, Avg = 19997
413 KTime diff: 19998, Avg = 19998
414 Time diff: 19996, Avg = 19997
414 KTime diff: 19997, Avg = 19998
415 Time diff: 19994, Avg = 19997
415 KTime diff: 20000, Avg = 19998
416 Time diff: 20009, Avg = 19997
416 KTime diff: 19997, Avg = 19998
417 Time diff: 19989, Avg = 19997
417 KTime diff: 19999, Avg = 19998
418 Time diff: 19998, Avg = 19997
418 KTime diff: 19998, Avg = 19998
419 Time diff: 20003, Avg = 19997
419 KTime diff: 19997, Avg = 19998
420 Time diff: 19985, Avg = 19997
420 KTime diff: 19998, Avg = 19998
421 Time diff: 20006, Avg = 19997
421 KTime diff: 19998, Avg = 19998
422 Time diff: 19989, Avg = 19997
422 KTime diff: 19999, Avg = 19998
423 Time diff: 20008, Avg = 19997
423 KTime diff: 19998, Avg = 19998
424 Time diff: 19990, Avg = 19997
424 KTime diff: 19998, Avg = 19998
425 Time diff: 20063, Avg = 19997
425 KTime diff: 19998, Avg = 19998
426 Time diff: 19938, Avg = 19997
426 KTime diff: 19999, Avg = 19998
427 Time diff: 20011, Avg = 19997
427 KTime diff: 19997, Avg = 19998
428 Time diff: 19989, Avg = 19997
428 KTime diff: 19998, Avg = 19998
429 Time diff: 20015, Avg = 19997
429 KTime diff: 20002, Avg = 19998
430 Time diff: 19976, Avg = 19997
430 KTime diff: 19996, Avg = 19998
431 Time diff: 20007, Avg = 19997
431 KTime diff: 19997, Avg = 19998
432 Time diff: 20000, Avg = 19997
432 KTime diff: 19998, Avg = 19998
433 Time diff: 19988, Avg = 19997
433 KTime diff: 19998, Avg = 19998
434 Time diff: 20024, Avg = 19997
434 KTime diff: 20002, Avg = 19998
435 Time diff: 19980, Avg = 19997
435 KTime diff: 19995, Avg = 19998
436 Time diff: 19994, Avg = 19997
436 KTime diff: 19998, Avg = 19998
437 Time diff: 20006, Avg = 19997
437 KTime diff: 19998, Avg = 19998
438 Time diff: 19984, Avg = 19997
438 KTime diff: 19998, Avg = 19998
439 Time diff: 20007, Avg = 19997
439 KTime diff: 19998, Avg = 19998
440 Time diff: 19992, Avg = 19997
440 KTime diff: 19998, Avg = 19998
441 Time diff: 20008, Avg = 19997
441 KTime diff: 19998, Avg = 19998
442 Time diff: 19994, Avg = 19997
442 KTime diff: 19999, Avg = 19998
443 Time diff: 19996, Avg = 19997
443 KTime diff: 19998, Avg = 19998
444 Time diff: 19992, Avg = 19997
444 KTime diff: 19998, Avg = 19998
445 Time diff: 20004, Avg = 19997
445 KTime diff: 19997, Avg = 19998
446 Time diff: 20007, Avg = 19997
446 KTime diff: 19999, Avg = 19998
447 Time diff: 19987, Avg = 19997
447 KTime diff: 19998, Avg = 19998
448 Time diff: 20005, Avg = 19997
448 KTime diff: 19998, Avg = 19998
449 Time diff: 19986, Avg = 19997
449 KTime diff: 19997, Avg = 19998
450 Time diff: 20028, Avg = 19997
450 KTime diff: 19998, Avg = 19998
451 Time diff: 19978, Avg = 19997
451 KTime diff: 19999, Avg = 19998
452 Time diff: 20006, Avg = 19997
452 KTime diff: 19997, Avg = 19998
453 Time diff: 19983, Avg = 19997
453 KTime diff: 19998, Avg = 19998
454 Time diff: 20008, Avg = 19997
454 KTime diff: 19998, Avg = 19998
455 Time diff: 19998, Avg = 19997
455 KTime diff: 19999, Avg = 19998
456 Time diff: 20003, Avg = 19997
456 KTime diff: 19998, Avg = 19998
457 Time diff: 19987, Avg = 19997
457 KTime diff: 19998, Avg = 19998
458 Time diff: 20005, Avg = 19997
458 KTime diff: 19998, Avg = 19998
459 Time diff: 20007, Avg = 19997
459 KTime diff: 19998, Avg = 19998
460 Time diff: 19987, Avg = 19997
460 KTime diff: 19998, Avg = 19998
461 Time diff: 20002, Avg = 19997
461 KTime diff: 19998, Avg = 19998
462 Time diff: 19990, Avg = 19997
462 KTime diff: 19997, Avg = 19998
463 Time diff: 19999, Avg = 19997
463 KTime diff: 19999, Avg = 19998
464 Time diff: 20004, Avg = 19997
464 KTime diff: 19998, Avg = 19998
465 Time diff: 19995, Avg = 19997
465 KTime diff: 19999, Avg = 19998
466 Time diff: 19998, Avg = 19997
466 KTime diff: 19998, Avg = 19998
467 Time diff: 20000, Avg = 19997
467 KTime diff: 19998, Avg = 19998
468 Time diff: 19994, Avg = 19997
468 KTime diff: 19998, Avg = 19998
469 Time diff: 19995, Avg = 19997
469 KTime diff: 19998, Avg = 19998
470 Time diff: 20002, Avg = 19997
470 KTime diff: 19999, Avg = 19998
471 Time diff: 19997, Avg = 19997
471 KTime diff: 19997, Avg = 19998
472 Time diff: 20010, Avg = 19997
472 KTime diff: 19998, Avg = 19998
473 Time diff: 19981, Avg = 19997
473 KTime diff: 19998, Avg = 19998
474 Time diff: 20017, Avg = 19997
474 KTime diff: 19999, Avg = 19998
475 Time diff: 20008, Avg = 19997
475 KTime diff: 19998, Avg = 19998
476 Time diff: 19991, Avg = 19997
476 KTime diff: 20000, Avg = 19998
477 Time diff: 19994, Avg = 19997
477 KTime diff: 19997, Avg = 19998
478 Time diff: 19987, Avg = 19997
478 KTime diff: 19998, Avg = 19998
479 Time diff: 20016, Avg = 19997
479 KTime diff: 19998, Avg = 19998
480 Time diff: 19985, Avg = 19997
480 KTime diff: 19999, Avg = 19998
481 Time diff: 20002, Avg = 19997
481 KTime diff: 19997, Avg = 19998
482 Time diff: 20004, Avg = 19997
482 KTime diff: 19998, Avg = 19998
483 Time diff: 19983, Avg = 19997
483 KTime diff: 19997, Avg = 19998
484 Time diff: 20013, Avg = 19997
484 KTime diff: 19998, Avg = 19998
485 Time diff: 19992, Avg = 19997
485 KTime diff: 20000, Avg = 19998
486 Time diff: 20004, Avg = 19997
486 KTime diff: 19997, Avg = 19998
487 Time diff: 19991, Avg = 19997
487 KTime diff: 19998, Avg = 19998
488 Time diff: 19992, Avg = 19997
488 KTime diff: 19998, Avg = 19998
489 Time diff: 20006, Avg = 19997
489 KTime diff: 19997, Avg = 19998
490 Time diff: 19985, Avg = 19997
490 KTime diff: 19998, Avg = 19998
491 Time diff: 20010, Avg = 19997
491 KTime diff: 19998, Avg = 19998
492 Time diff: 20001, Avg = 19997
492 KTime diff: 19999, Avg = 19998
493 Time diff: 19988, Avg = 19997
493 KTime diff: 19997, Avg = 19998
494 Time diff: 20005, Avg = 19997
494 KTime diff: 19998, Avg = 19998
495 Time diff: 19988, Avg = 19997
495 KTime diff: 19999, Avg = 19998
496 Time diff: 20007, Avg = 19997
496 KTime diff: 19998, Avg = 19998
497 Time diff: 19997, Avg = 19997
497 KTime diff: 19998, Avg = 19998
498 Time diff: 20004, Avg = 19997
498 KTime diff: 19999, Avg = 19998
499 Time diff: 19987, Avg = 19997
499 KTime diff: 19998, Avg = 19998
500 Time diff: 20061, Avg = 19998
500 KTime diff: 19999, Avg = 19998
501 Time diff: 19941, Avg = 19997
501 KTime diff: 19999, Avg = 19998
502 Time diff: 20000, Avg = 19997
502 KTime diff: 19998, Avg = 19998
503 Time diff: 19989, Avg = 19997
503 KTime diff: 19997, Avg = 19998
504 Time diff: 20004, Avg = 19997
504 KTime diff: 19998, Avg = 19998
505 Time diff: 19992, Avg = 19997
505 KTime diff: 19997, Avg = 19998
506 Time diff: 20011, Avg = 19997
506 KTime diff: 19999, Avg = 19998
507 Time diff: 19988, Avg = 19997
507 KTime diff: 19998, Avg = 19998
508 Time diff: 20004, Avg = 19997
508 KTime diff: 19998, Avg = 19998
509 Time diff: 20007, Avg = 19997
509 KTime diff: 19998, Avg = 19998
510 Time diff: 19984, Avg = 19997
510 KTime diff: 19999, Avg = 19998
511 Time diff: 20019, Avg = 19997
511 KTime diff: 19998, Avg = 19998
512 Time diff: 19983, Avg = 19997
512 KTime diff: 19997, Avg = 19998
513 Time diff: 19995, Avg = 19997
513 KTime diff: 19998, Avg = 19998
514 Time diff: 20180, Avg = 19998
514 KTime diff: 19999, Avg = 19998
515 Time diff: 19824, Avg = 19997
515 KTime diff: 19998, Avg = 19998
516 Time diff: 19990, Avg = 19997
516 KTime diff: 19999, Avg = 19998
517 Time diff: 20005, Avg = 19997
517 KTime diff: 19999, Avg = 19998
518 Time diff: 19994, Avg = 19997
518 KTime diff: 19997, Avg = 19998
519 Time diff: 19995, Avg = 19997
519 KTime diff: 19998, Avg = 19998
520 Time diff: 20002, Avg = 19997
520 KTime diff: 19999, Avg = 19998
521 Time diff: 19992, Avg = 19997
521 KTime diff: 19997, Avg = 19998
522 Time diff: 20008, Avg = 19997
522 KTime diff: 19999, Avg = 19998
523 Time diff: 19994, Avg = 19997
523 KTime diff: 19998, Avg = 19998
524 Time diff: 19990, Avg = 19997
524 KTime diff: 19998, Avg = 19998
525 Time diff: 20033, Avg = 19997
525 KTime diff: 19999, Avg = 19998
526 Time diff: 19994, Avg = 19997
526 KTime diff: 19999, Avg = 19998
527 Time diff: 19969, Avg = 19997
527 KTime diff: 19997, Avg = 19998
528 Time diff: 20018, Avg = 19997
528 KTime diff: 19997, Avg = 19998
529 Time diff: 19986, Avg = 19997
529 KTime diff: 20000, Avg = 19998
530 Time diff: 20016, Avg = 19997
530 KTime diff: 19999, Avg = 19998
531 Time diff: 19971, Avg = 19997
531 KTime diff: 19996, Avg = 19998
532 Time diff: 20008, Avg = 19997
532 KTime diff: 19997, Avg = 19998
533 Time diff: 20000, Avg = 19997
533 KTime diff: 19999, Avg = 19998
534 Time diff: 19991, Avg = 19997
534 KTime diff: 19998, Avg = 19998
535 Time diff: 20023, Avg = 19997
535 KTime diff: 20001, Avg = 19998
536 Time diff: 19994, Avg = 19997
536 KTime diff: 19996, Avg = 19998
537 Time diff: 19985, Avg = 19997
537 KTime diff: 19997, Avg = 19998
538 Time diff: 19989, Avg = 19997
538 KTime diff: 19998, Avg = 19998
539 Time diff: 20014, Avg = 19997
539 KTime diff: 19999, Avg = 19998
540 Time diff: 19985, Avg = 19997
540 KTime diff: 19998, Avg = 19998
541 Time diff: 20005, Avg = 19997
541 KTime diff: 19998, Avg = 19998
542 Time diff: 19987, Avg = 19997
542 KTime diff: 19998, Avg = 19998
543 Time diff: 20009, Avg = 19997
543 KTime diff: 19998, Avg = 19998
544 Time diff: 19986, Avg = 19997
544 KTime diff: 19998, Avg = 19998
545 Time diff: 20004, Avg = 19997
545 KTime diff: 19998, Avg = 19998
546 Time diff: 19996, Avg = 19997
546 KTime diff: 19998, Avg = 19998
547 Time diff: 20004, Avg = 19997
547 KTime diff: 19999, Avg = 19998
548 Time diff: 19989, Avg = 19997
548 KTime diff: 19997, Avg = 19998
549 Time diff: 20008, Avg = 19997
549 KTime diff: 19998, Avg = 19998
550 Time diff: 20015, Avg = 19997
550 KTime diff: 19998, Avg = 19998
551 Time diff: 19992, Avg = 19997
551 KTime diff: 19999, Avg = 19998
552 Time diff: 19983, Avg = 19997
552 KTime diff: 19997, Avg = 19998
553 Time diff: 20018, Avg = 19997
553 KTime diff: 19998, Avg = 19998
554 Time diff: 19981, Avg = 19997
554 KTime diff: 19998, Avg = 19998
555 Time diff: 20003, Avg = 19997
555 KTime diff: 19999, Avg = 19998
556 Time diff: 19985, Avg = 19997
556 KTime diff: 19998, Avg = 19998
557 Time diff: 20014, Avg = 19997
557 KTime diff: 19999, Avg = 19998
558 Time diff: 19983, Avg = 19997
558 KTime diff: 19997, Avg = 19998
559 Time diff: 20008, Avg = 19997
559 KTime diff: 19998, Avg = 19998
560 Time diff: 20016, Avg = 19997
560 KTime diff: 19999, Avg = 19998
561 Time diff: 19977, Avg = 19997
561 KTime diff: 19998, Avg = 19998
562 Time diff: 20004, Avg = 19997
562 KTime diff: 19998, Avg = 19998
563 Time diff: 19991, Avg = 19997
563 KTime diff: 19998, Avg = 19998
564 Time diff: 19997, Avg = 19997
564 KTime diff: 19998, Avg = 19998
565 Time diff: 19998, Avg = 19997
565 KTime diff: 19998, Avg = 19998
566 Time diff: 20008, Avg = 19997
566 KTime diff: 19998, Avg = 19998
567 Time diff: 19997, Avg = 19997
567 KTime diff: 19999, Avg = 19998
568 Time diff: 19995, Avg = 19997
568 KTime diff: 19997, Avg = 19998
569 Time diff: 20001, Avg = 19997
569 KTime diff: 19998, Avg = 19998
570 Time diff: 19983, Avg = 19997
570 KTime diff: 19999, Avg = 19998
571 Time diff: 20008, Avg = 19997
571 KTime diff: 19997, Avg = 19998
572 Time diff: 19986, Avg = 19997
572 KTime diff: 19998, Avg = 19998
573 Time diff: 20011, Avg = 19997
573 KTime diff: 19998, Avg = 19998
574 Time diff: 19991, Avg = 19997
574 KTime diff: 19999, Avg = 19998
575 Time diff: 20058, Avg = 19998
575 KTime diff: 19997, Avg = 19998
576 Time diff: 19950, Avg = 19997
576 KTime diff: 19999, Avg = 19998
577 Time diff: 19999, Avg = 19997
577 KTime diff: 19999, Avg = 19998
578 Time diff: 19985, Avg = 19997
578 KTime diff: 19997, Avg = 19998
579 Time diff: 20009, Avg = 19997
579 KTime diff: 19998, Avg = 19998
580 Time diff: 20000, Avg = 19997
580 KTime diff: 19998, Avg = 19998
581 Time diff: 20016, Avg = 19997
581 KTime diff: 20000, Avg = 19998
582 Time diff: 19975, Avg = 19997
582 KTime diff: 19998, Avg = 19998
583 Time diff: 20000, Avg = 19997
583 KTime diff: 19997, Avg = 19998
584 Time diff: 19991, Avg = 19997
584 KTime diff: 19998, Avg = 19998
585 Time diff: 20016, Avg = 19997
585 KTime diff: 19998, Avg = 19998
586 Time diff: 19993, Avg = 19997
586 KTime diff: 20000, Avg = 19998
587 Time diff: 20000, Avg = 19997
587 KTime diff: 19997, Avg = 19998
588 Time diff: 19997, Avg = 19997
588 KTime diff: 19998, Avg = 19998
589 Time diff: 19990, Avg = 19997
589 KTime diff: 19998, Avg = 19998
590 Time diff: 20004, Avg = 19997
590 KTime diff: 19999, Avg = 19998
591 Time diff: 19992, Avg = 19997
591 KTime diff: 19997, Avg = 19998
592 Time diff: 20000, Avg = 19997
592 KTime diff: 20000, Avg = 19998
593 Time diff: 20001, Avg = 19997
593 KTime diff: 19997, Avg = 19998
594 Time diff: 19992, Avg = 19997
594 KTime diff: 19998, Avg = 19998
595 Time diff: 20007, Avg = 19997
595 KTime diff: 19998, Avg = 19998
596 Time diff: 19999, Avg = 19997
596 KTime diff: 19998, Avg = 19998
597 Time diff: 19997, Avg = 19997
597 KTime diff: 19998, Avg = 19998
598 Time diff: 19997, Avg = 19997
598 KTime diff: 19998, Avg = 19998
599 Time diff: 19990, Avg = 19997
599 KTime diff: 19998, Avg = 19998
600 Time diff: 20036, Avg = 19998
600 KTime diff: 19999, Avg = 19998
601 Time diff: 19969, Avg = 19997
601 KTime diff: 19998, Avg = 19998
602 Time diff: 20000, Avg = 19997
602 KTime diff: 19998, Avg = 19998
603 Time diff: 19985, Avg = 19997
603 KTime diff: 19998, Avg = 19998
604 Time diff: 20011, Avg = 19997
604 KTime diff: 19998, Avg = 19998
605 Time diff: 19986, Avg = 19997
605 KTime diff: 19998, Avg = 19998
606 Time diff: 20007, Avg = 19997
606 KTime diff: 19998, Avg = 19998
607 Time diff: 19992, Avg = 19997
607 KTime diff: 19999, Avg = 19998
608 Time diff: 20008, Avg = 19997
608 KTime diff: 19996, Avg = 19998
609 Time diff: 19987, Avg = 19997
609 KTime diff: 19999, Avg = 19998
610 Time diff: 20008, Avg = 19997
610 KTime diff: 19998, Avg = 19998
611 Time diff: 20005, Avg = 19997
611 KTime diff: 20000, Avg = 19998
612 Time diff: 19991, Avg = 19997
612 KTime diff: 19997, Avg = 19998
613 Time diff: 20001, Avg = 19997
613 KTime diff: 19998, Avg = 19998
614 Time diff: 19986, Avg = 19997
614 KTime diff: 19998, Avg = 19998
615 Time diff: 20001, Avg = 19997
615 KTime diff: 19998, Avg = 19998
616 Time diff: 20008, Avg = 19997
616 KTime diff: 19999, Avg = 19998
617 Time diff: 19994, Avg = 19997
617 KTime diff: 19998, Avg = 19998
618 Time diff: 19994, Avg = 19997
618 KTime diff: 19997, Avg = 19998
619 Time diff: 20000, Avg = 19997
619 KTime diff: 19999, Avg = 19998
620 Time diff: 19992, Avg = 19997
620 KTime diff: 19998, Avg = 19998
621 Time diff: 20006, Avg = 19997
621 KTime diff: 19998, Avg = 19998
622 Time diff: 19989, Avg = 19997
622 KTime diff: 19999, Avg = 19998
623 Time diff: 20016, Avg = 19997
623 KTime diff: 19997, Avg = 19998
624 Time diff: 19985, Avg = 19997
624 KTime diff: 19998, Avg = 19998
625 Time diff: 20025, Avg = 19998
625 KTime diff: 19998, Avg = 19998
626 Time diff: 19979, Avg = 19997
626 KTime diff: 20000, Avg = 19998
627 Time diff: 20000, Avg = 19997
627 KTime diff: 19998, Avg = 19998
628 Time diff: 19984, Avg = 19997
628 KTime diff: 19997, Avg = 19998
629 Time diff: 20009, Avg = 19997
629 KTime diff: 19998, Avg = 19998
630 Time diff: 19987, Avg = 19997
630 KTime diff: 19998, Avg = 19998
631 Time diff: 20021, Avg = 19997
631 KTime diff: 19999, Avg = 19998
632 Time diff: 19998, Avg = 19997
632 KTime diff: 19999, Avg = 19998
633 Time diff: 19986, Avg = 19997
633 KTime diff: 19997, Avg = 19998
634 Time diff: 20001, Avg = 19997
634 KTime diff: 19998, Avg = 19998
635 Time diff: 19990, Avg = 19997
635 KTime diff: 19999, Avg = 19998
636 Time diff: 20024, Avg = 19998
636 KTime diff: 20001, Avg = 19998
637 Time diff: 19994, Avg = 19997
637 KTime diff: 19996, Avg = 19998
638 Time diff: 19993, Avg = 19997
638 KTime diff: 19997, Avg = 19998
639 Time diff: 19985, Avg = 19997
639 KTime diff: 19997, Avg = 19998
640 Time diff: 20001, Avg = 19997
640 KTime diff: 19998, Avg = 19998
641 Time diff: 20000, Avg = 19997
641 KTime diff: 19998, Avg = 19998
642 Time diff: 19989, Avg = 19997
642 KTime diff: 19999, Avg = 19998
643 Time diff: 20003, Avg = 19997
643 KTime diff: 19998, Avg = 19998
644 Time diff: 19987, Avg = 19997
644 KTime diff: 19998, Avg = 19998
645 Time diff: 20009, Avg = 19997
645 KTime diff: 19998, Avg = 19998
646 Time diff: 19993, Avg = 19997
646 KTime diff: 19998, Avg = 19998
647 Time diff: 20005, Avg = 19997
647 KTime diff: 19998, Avg = 19998
648 Time diff: 19987, Avg = 19997
648 KTime diff: 19998, Avg = 19998
649 Time diff: 20007, Avg = 19997
649 KTime diff: 19999, Avg = 19998
650 Time diff: 20042, Avg = 19998
650 KTime diff: 19997, Avg = 19998
651 Time diff: 19973, Avg = 19998
651 KTime diff: 19999, Avg = 19998
652 Time diff: 19976, Avg = 19997
652 KTime diff: 19998, Avg = 19998
653 Time diff: 20005, Avg = 19